<?xml version="1.0" encoding="UTF-8"?>
<testsuites name="Mocha Tests" time="3.485" tests="3" failures="0">
  <testsuite name="Root Suite" timestamp="2023-02-11T00:26:40" tests="0" file="cypress\e2e\2-advanced-examples\window.cy.js" time="0.000" failures="0">
  </testsuite>
  <testsuite name="Window" timestamp="2023-02-11T00:26:40" tests="3" time="3.452" failures="0">
    <testcase name="Window cy.window() - get the global window object" time="0.552" classname="cy.window() - get the global window object">
    </testcase>
    <testcase name="Window cy.document() - get the document object" time="0.252" classname="cy.document() - get the document object">
    </testcase>
    <testcase name="Window cy.title() - get the title" time="0.238" classname="cy.title() - get the title">
    </testcase>
  </testsuite>
</testsuites>