{
  "stats": {
    "suites": 20,
    "tests": 124,
    "passes": 124,
    "pending": 0,
    "failures": 0,
    "start": "2023-02-11T00:23:26.384Z",
    "end": "2023-02-11T00:26:43.698Z",
    "duration": 76727,
    "testsRegistered": 124,
    "passPercent": 100,
    "pendingPercent": 0,
    "other": 0,
    "hasOther": false,
    "skipped": 0,
    "hasSkipped": false
  },
  "results": [
    {
      "uuid": "aeb13aaf-9e80-49f2-9e53-521578db6bfa",
      "title": "",
      "fullFile": "cypress\\e2e\\2-advanced-examples\\actions.cy.js",
      "file": "cypress\\e2e\\2-advanced-examples\\actions.cy.js",
      "beforeHooks": [],
      "afterHooks": [],
      "tests": [],
      "suites": [
        {
          "uuid": "c48615f8-b2a4-4ef7-84f9-d74c44673ef0",
          "title": "Actions",
          "fullFile": "",
          "file": "",
          "beforeHooks": [],
          "afterHooks": [],
          "tests": [
            {
              "title": ".type() - type into a DOM element",
              "fullTitle": "Actions .type() - type into a DOM element",
              "timedOut": null,
              "duration": 4639,
              "state": "passed",
              "speed": "fast",
              "pass": true,
              "fail": false,
              "pending": false,
              "context": null,
              "code": "// https://on.cypress.io/type\ncy.get('.action-email').type('fake@email.com').should('have.value', 'fake@email.com')\n// .type() with special character sequences\n.type('{leftarrow}{rightarrow}{uparrow}{downarrow}').type('{del}{selectall}{backspace}')\n// .type() with key modifiers\n.type('{alt}{option}') //these are equivalent\n.type('{ctrl}{control}') //these are equivalent\n.type('{meta}{command}{cmd}') //these are equivalent\n.type('{shift}')\n// Delay each keypress by 0.1 sec\n.type('slow.typing@email.com', {\n  delay: 100\n}).should('have.value', 'slow.typing@email.com');\ncy.get('.action-disabled')\n// Ignore error checking prior to type\n// like whether the input is visible or disabled\n.type('disabled error checking', {\n  force: true\n}).should('have.value', 'disabled error checking');",
              "err": {},
              "uuid": "9146146e-c2cf-4844-8f31-c4662fc85cf7",
              "parentUUID": "c48615f8-b2a4-4ef7-84f9-d74c44673ef0",
              "isHook": false,
              "skipped": false
            },
            {
              "title": ".focus() - focus on a DOM element",
              "fullTitle": "Actions .focus() - focus on a DOM element",
              "timedOut": null,
              "duration": 305,
              "state": "passed",
              "speed": "fast",
              "pass": true,
              "fail": false,
              "pending": false,
              "context": null,
              "code": "// https://on.cypress.io/focus\ncy.get('.action-focus').focus().should('have.class', 'focus').prev().should('have.attr', 'style', 'color: orange;');",
              "err": {},
              "uuid": "0b4961f4-f67e-4caa-9ace-3214b34121fa",
              "parentUUID": "c48615f8-b2a4-4ef7-84f9-d74c44673ef0",
              "isHook": false,
              "skipped": false
            },
            {
              "title": ".blur() - blur off a DOM element",
              "fullTitle": "Actions .blur() - blur off a DOM element",
              "timedOut": null,
              "duration": 629,
              "state": "passed",
              "speed": "fast",
              "pass": true,
              "fail": false,
              "pending": false,
              "context": null,
              "code": "// https://on.cypress.io/blur\ncy.get('.action-blur').type('About to blur').blur().should('have.class', 'error').prev().should('have.attr', 'style', 'color: red;');",
              "err": {},
              "uuid": "01cd44a1-61ea-4d43-b8ec-dac59e3df201",
              "parentUUID": "c48615f8-b2a4-4ef7-84f9-d74c44673ef0",
              "isHook": false,
              "skipped": false
            },
            {
              "title": ".clear() - clears an input or textarea element",
              "fullTitle": "Actions .clear() - clears an input or textarea element",
              "timedOut": null,
              "duration": 769,
              "state": "passed",
              "speed": "fast",
              "pass": true,
              "fail": false,
              "pending": false,
              "context": null,
              "code": "// https://on.cypress.io/clear\ncy.get('.action-clear').type('Clear this text').should('have.value', 'Clear this text').clear().should('have.value', '');",
              "err": {},
              "uuid": "138bd209-a8be-4512-91d4-1eb603cb990c",
              "parentUUID": "c48615f8-b2a4-4ef7-84f9-d74c44673ef0",
              "isHook": false,
              "skipped": false
            },
            {
              "title": ".submit() - submit a form",
              "fullTitle": "Actions .submit() - submit a form",
              "timedOut": null,
              "duration": 608,
              "state": "passed",
              "speed": "fast",
              "pass": true,
              "fail": false,
              "pending": false,
              "context": null,
              "code": "// https://on.cypress.io/submit\ncy.get('.action-form').find('[type=\"text\"]').type('HALFOFF');\ncy.get('.action-form').submit().next().should('contain', 'Your form has been submitted!');",
              "err": {},
              "uuid": "656c871d-a2d3-4cf8-8eaa-cc0ea0312aa6",
              "parentUUID": "c48615f8-b2a4-4ef7-84f9-d74c44673ef0",
              "isHook": false,
              "skipped": false
            },
            {
              "title": ".click() - click on a DOM element",
              "fullTitle": "Actions .click() - click on a DOM element",
              "timedOut": null,
              "duration": 3162,
              "state": "passed",
              "speed": "fast",
              "pass": true,
              "fail": false,
              "pending": false,
              "context": null,
              "code": "// https://on.cypress.io/click\ncy.get('.action-btn').click();\n// You can click on 9 specific positions of an element:\n//  -----------------------------------\n// | topLeft        top       topRight |\n// |                                   |\n// |                                   |\n// |                                   |\n// | left          center        right |\n// |                                   |\n// |                                   |\n// |                                   |\n// | bottomLeft   bottom   bottomRight |\n//  -----------------------------------\n// clicking in the center of the element is the default\ncy.get('#action-canvas').click();\ncy.get('#action-canvas').click('topLeft');\ncy.get('#action-canvas').click('top');\ncy.get('#action-canvas').click('topRight');\ncy.get('#action-canvas').click('left');\ncy.get('#action-canvas').click('right');\ncy.get('#action-canvas').click('bottomLeft');\ncy.get('#action-canvas').click('bottom');\ncy.get('#action-canvas').click('bottomRight');\n// .click() accepts an x and y coordinate\n// that controls where the click occurs :)\ncy.get('#action-canvas').click(80, 75) // click 80px on x coord and 75px on y coord\n.click(170, 75).click(80, 165).click(100, 185).click(125, 190).click(150, 185).click(170, 165);\n// click multiple elements by passing multiple: true\ncy.get('.action-labels>.label').click({\n  multiple: true\n});\n// Ignore error checking prior to clicking\ncy.get('.action-opacity>.btn').click({\n  force: true\n});",
              "err": {},
              "uuid": "b79a4c57-e27f-491d-baec-4141ed12dd31",
              "parentUUID": "c48615f8-b2a4-4ef7-84f9-d74c44673ef0",
              "isHook": false,
              "skipped": false
            },
            {
              "title": ".dblclick() - double click on a DOM element",
              "fullTitle": "Actions .dblclick() - double click on a DOM element",
              "timedOut": null,
              "duration": 406,
              "state": "passed",
              "speed": "fast",
              "pass": true,
              "fail": false,
              "pending": false,
              "context": null,
              "code": "// https://on.cypress.io/dblclick\n// Our app has a listener on 'dblclick' event in our 'scripts.js'\n// that hides the div and shows an input on double click\ncy.get('.action-div').dblclick().should('not.be.visible');\ncy.get('.action-input-hidden').should('be.visible');",
              "err": {},
              "uuid": "4da23499-a486-489e-a240-94bc94c6ddaf",
              "parentUUID": "c48615f8-b2a4-4ef7-84f9-d74c44673ef0",
              "isHook": false,
              "skipped": false
            },
            {
              "title": ".rightclick() - right click on a DOM element",
              "fullTitle": "Actions .rightclick() - right click on a DOM element",
              "timedOut": null,
              "duration": 406,
              "state": "passed",
              "speed": "fast",
              "pass": true,
              "fail": false,
              "pending": false,
              "context": null,
              "code": "// https://on.cypress.io/rightclick\n// Our app has a listener on 'contextmenu' event in our 'scripts.js'\n// that hides the div and shows an input on right click\ncy.get('.rightclick-action-div').rightclick().should('not.be.visible');\ncy.get('.rightclick-action-input-hidden').should('be.visible');",
              "err": {},
              "uuid": "f86704d8-3fbd-4218-a9be-1e2c613af126",
              "parentUUID": "c48615f8-b2a4-4ef7-84f9-d74c44673ef0",
              "isHook": false,
              "skipped": false
            },
            {
              "title": ".check() - check a checkbox or radio element",
              "fullTitle": "Actions .check() - check a checkbox or radio element",
              "timedOut": null,
              "duration": 1354,
              "state": "passed",
              "speed": "fast",
              "pass": true,
              "fail": false,
              "pending": false,
              "context": null,
              "code": "// https://on.cypress.io/check\n// By default, .check() will check all\n// matching checkbox or radio elements in succession, one after another\ncy.get('.action-checkboxes [type=\"checkbox\"]').not('[disabled]').check().should('be.checked');\ncy.get('.action-radios [type=\"radio\"]').not('[disabled]').check().should('be.checked');\n// .check() accepts a value argument\ncy.get('.action-radios [type=\"radio\"]').check('radio1').should('be.checked');\n// .check() accepts an array of values\ncy.get('.action-multiple-checkboxes [type=\"checkbox\"]').check(['checkbox1', 'checkbox2']).should('be.checked');\n// Ignore error checking prior to checking\ncy.get('.action-checkboxes [disabled]').check({\n  force: true\n}).should('be.checked');\ncy.get('.action-radios [type=\"radio\"]').check('radio3', {\n  force: true\n}).should('be.checked');",
              "err": {},
              "uuid": "b3862d8e-06d4-43fb-b0c7-3153f91f30f9",
              "parentUUID": "c48615f8-b2a4-4ef7-84f9-d74c44673ef0",
              "isHook": false,
              "skipped": false
            },
            {
              "title": ".uncheck() - uncheck a checkbox element",
              "fullTitle": "Actions .uncheck() - uncheck a checkbox element",
              "timedOut": null,
              "duration": 1431,
              "state": "passed",
              "speed": "fast",
              "pass": true,
              "fail": false,
              "pending": false,
              "context": null,
              "code": "// https://on.cypress.io/uncheck\n// By default, .uncheck() will uncheck all matching\n// checkbox elements in succession, one after another\ncy.get('.action-check [type=\"checkbox\"]').not('[disabled]').uncheck().should('not.be.checked');\n// .uncheck() accepts a value argument\ncy.get('.action-check [type=\"checkbox\"]').check('checkbox1').uncheck('checkbox1').should('not.be.checked');\n// .uncheck() accepts an array of values\ncy.get('.action-check [type=\"checkbox\"]').check(['checkbox1', 'checkbox3']).uncheck(['checkbox1', 'checkbox3']).should('not.be.checked');\n// Ignore error checking prior to unchecking\ncy.get('.action-check [disabled]').uncheck({\n  force: true\n}).should('not.be.checked');",
              "err": {},
              "uuid": "f4183c60-a959-411f-a672-6e4b5e33fc0e",
              "parentUUID": "c48615f8-b2a4-4ef7-84f9-d74c44673ef0",
              "isHook": false,
              "skipped": false
            },
            {
              "title": ".select() - select an option in a <select> element",
              "fullTitle": "Actions .select() - select an option in a <select> element",
              "timedOut": null,
              "duration": 1285,
              "state": "passed",
              "speed": "fast",
              "pass": true,
              "fail": false,
              "pending": false,
              "context": null,
              "code": "// https://on.cypress.io/select\n// at first, no option should be selected\ncy.get('.action-select').should('have.value', '--Select a fruit--');\n// Select option(s) with matching text content\ncy.get('.action-select').select('apples');\n// confirm the apples were selected\n// note that each value starts with \"fr-\" in our HTML\ncy.get('.action-select').should('have.value', 'fr-apples');\ncy.get('.action-select-multiple').select(['apples', 'oranges', 'bananas'])\n// when getting multiple values, invoke \"val\" method first\n.invoke('val').should('deep.equal', ['fr-apples', 'fr-oranges', 'fr-bananas']);\n// Select option(s) with matching value\ncy.get('.action-select').select('fr-bananas')\n// can attach an assertion right away to the element\n.should('have.value', 'fr-bananas');\ncy.get('.action-select-multiple').select(['fr-apples', 'fr-oranges', 'fr-bananas']).invoke('val').should('deep.equal', ['fr-apples', 'fr-oranges', 'fr-bananas']);\n// assert the selected values include oranges\ncy.get('.action-select-multiple').invoke('val').should('include', 'fr-oranges');",
              "err": {},
              "uuid": "1e0db5b9-c0eb-49c4-a253-cba34cdfce7c",
              "parentUUID": "c48615f8-b2a4-4ef7-84f9-d74c44673ef0",
              "isHook": false,
              "skipped": false
            },
            {
              "title": ".scrollIntoView() - scroll an element into view",
              "fullTitle": "Actions .scrollIntoView() - scroll an element into view",
              "timedOut": null,
              "duration": 392,
              "state": "passed",
              "speed": "fast",
              "pass": true,
              "fail": false,
              "pending": false,
              "context": null,
              "code": "// https://on.cypress.io/scrollintoview\n// normally all of these buttons are hidden,\n// because they're not within\n// the viewable area of their parent\n// (we need to scroll to see them)\ncy.get('#scroll-horizontal button').should('not.be.visible');\n// scroll the button into view, as if the user had scrolled\ncy.get('#scroll-horizontal button').scrollIntoView().should('be.visible');\ncy.get('#scroll-vertical button').should('not.be.visible');\n// Cypress handles the scroll direction needed\ncy.get('#scroll-vertical button').scrollIntoView().should('be.visible');\ncy.get('#scroll-both button').should('not.be.visible');\n// Cypress knows to scroll to the right and down\ncy.get('#scroll-both button').scrollIntoView().should('be.visible');",
              "err": {},
              "uuid": "f4d585b2-4941-4957-874f-30fd01c52128",
              "parentUUID": "c48615f8-b2a4-4ef7-84f9-d74c44673ef0",
              "isHook": false,
              "skipped": false
            },
            {
              "title": ".trigger() - trigger an event on a DOM element",
              "fullTitle": "Actions .trigger() - trigger an event on a DOM element",
              "timedOut": null,
              "duration": 430,
              "state": "passed",
              "speed": "fast",
              "pass": true,
              "fail": false,
              "pending": false,
              "context": null,
              "code": "// https://on.cypress.io/trigger\n// To interact with a range input (slider)\n// we need to set its value & trigger the\n// event to signal it changed\n// Here, we invoke jQuery's val() method to set\n// the value and trigger the 'change' event\ncy.get('.trigger-input-range').invoke('val', 25).trigger('change').get('input[type=range]').siblings('p').should('have.text', '25');",
              "err": {},
              "uuid": "0110b616-593c-48c7-94d7-1560d968b286",
              "parentUUID": "c48615f8-b2a4-4ef7-84f9-d74c44673ef0",
              "isHook": false,
              "skipped": false
            },
            {
              "title": "cy.scrollTo() - scroll the window or element to a position",
              "fullTitle": "Actions cy.scrollTo() - scroll the window or element to a position",
              "timedOut": null,
              "duration": 2285,
              "state": "passed",
              "speed": "fast",
              "pass": true,
              "fail": false,
              "pending": false,
              "context": null,
              "code": "// https://on.cypress.io/scrollto\n// You can scroll to 9 specific positions of an element:\n//  -----------------------------------\n// | topLeft        top       topRight |\n// |                                   |\n// |                                   |\n// |                                   |\n// | left          center        right |\n// |                                   |\n// |                                   |\n// |                                   |\n// | bottomLeft   bottom   bottomRight |\n//  -----------------------------------\n// if you chain .scrollTo() off of cy, we will\n// scroll the entire window\ncy.scrollTo('bottom');\ncy.get('#scrollable-horizontal').scrollTo('right');\n// or you can scroll to a specific coordinate:\n// (x axis, y axis) in pixels\ncy.get('#scrollable-vertical').scrollTo(250, 250);\n// or you can scroll to a specific percentage\n// of the (width, height) of the element\ncy.get('#scrollable-both').scrollTo('75%', '25%');\n// control the easing of the scroll (default is 'swing')\ncy.get('#scrollable-vertical').scrollTo('center', {\n  easing: 'linear'\n});\n// control the duration of the scroll (in ms)\ncy.get('#scrollable-both').scrollTo('center', {\n  duration: 2000\n});",
              "err": {},
              "uuid": "007c3e35-8f0a-435f-b332-a08d8a19c322",
              "parentUUID": "c48615f8-b2a4-4ef7-84f9-d74c44673ef0",
              "isHook": false,
              "skipped": false
            }
          ],
          "suites": [],
          "passes": [
            "9146146e-c2cf-4844-8f31-c4662fc85cf7",
            "0b4961f4-f67e-4caa-9ace-3214b34121fa",
            "01cd44a1-61ea-4d43-b8ec-dac59e3df201",
            "138bd209-a8be-4512-91d4-1eb603cb990c",
            "656c871d-a2d3-4cf8-8eaa-cc0ea0312aa6",
            "b79a4c57-e27f-491d-baec-4141ed12dd31",
            "4da23499-a486-489e-a240-94bc94c6ddaf",
            "f86704d8-3fbd-4218-a9be-1e2c613af126",
            "b3862d8e-06d4-43fb-b0c7-3153f91f30f9",
            "f4183c60-a959-411f-a672-6e4b5e33fc0e",
            "1e0db5b9-c0eb-49c4-a253-cba34cdfce7c",
            "f4d585b2-4941-4957-874f-30fd01c52128",
            "0110b616-593c-48c7-94d7-1560d968b286",
            "007c3e35-8f0a-435f-b332-a08d8a19c322"
          ],
          "failures": [],
          "pending": [],
          "skipped": [],
          "duration": 18101,
          "root": false,
          "rootEmpty": false,
          "_timeout": 2000
        }
      ],
      "passes": [],
      "failures": [],
      "pending": [],
      "skipped": [],
      "duration": 0,
      "root": true,
      "rootEmpty": true,
      "_timeout": 2000
    },
    {
      "uuid": "b8a8ef36-11e3-4b84-83c5-dc8ae3532586",
      "title": "",
      "fullFile": "cypress\\e2e\\2-advanced-examples\\aliasing.cy.js",
      "file": "cypress\\e2e\\2-advanced-examples\\aliasing.cy.js",
      "beforeHooks": [],
      "afterHooks": [],
      "tests": [],
      "suites": [
        {
          "uuid": "9ff55fc8-cb1d-43d0-9fbe-54926ebb3260",
          "title": "Aliasing",
          "fullFile": "",
          "file": "",
          "beforeHooks": [],
          "afterHooks": [],
          "tests": [
            {
              "title": ".as() - alias a DOM element for later use",
              "fullTitle": "Aliasing .as() - alias a DOM element for later use",
              "timedOut": null,
              "duration": 772,
              "state": "passed",
              "speed": "fast",
              "pass": true,
              "fail": false,
              "pending": false,
              "context": null,
              "code": "// https://on.cypress.io/as\n// Alias a DOM element for use later\n// We don't have to traverse to the element\n// later in our code, we reference it with @\ncy.get('.as-table').find('tbody>tr').first().find('td').first().find('button').as('firstBtn');\n// when we reference the alias, we place an\n// @ in front of its name\ncy.get('@firstBtn').click();\ncy.get('@firstBtn').should('have.class', 'btn-success').and('contain', 'Changed');",
              "err": {},
              "uuid": "1d8ebdee-6bf3-4054-84c1-999541c578d8",
              "parentUUID": "9ff55fc8-cb1d-43d0-9fbe-54926ebb3260",
              "isHook": false,
              "skipped": false
            },
            {
              "title": ".as() - alias a route for later use",
              "fullTitle": "Aliasing .as() - alias a route for later use",
              "timedOut": null,
              "duration": 1085,
              "state": "passed",
              "speed": "fast",
              "pass": true,
              "fail": false,
              "pending": false,
              "context": null,
              "code": "// Alias the route to wait for its response\ncy.intercept('GET', '**/comments/*').as('getComment');\n// we have code that gets a comment when\n// the button is clicked in scripts.js\ncy.get('.network-btn').click();\n// https://on.cypress.io/wait\ncy.wait('@getComment').its('response.statusCode').should('eq', 200);",
              "err": {},
              "uuid": "2aa98279-0155-4120-a947-11e4fc3e7f5c",
              "parentUUID": "9ff55fc8-cb1d-43d0-9fbe-54926ebb3260",
              "isHook": false,
              "skipped": false
            }
          ],
          "suites": [],
          "passes": [
            "1d8ebdee-6bf3-4054-84c1-999541c578d8",
            "2aa98279-0155-4120-a947-11e4fc3e7f5c"
          ],
          "failures": [],
          "pending": [],
          "skipped": [],
          "duration": 1857,
          "root": false,
          "rootEmpty": false,
          "_timeout": 2000
        }
      ],
      "passes": [],
      "failures": [],
      "pending": [],
      "skipped": [],
      "duration": 0,
      "root": true,
      "rootEmpty": true,
      "_timeout": 2000
    },
    {
      "uuid": "00fc3082-70bd-4719-b0f8-ffde471f3122",
      "title": "",
      "fullFile": "cypress\\e2e\\2-advanced-examples\\assertions.cy.js",
      "file": "cypress\\e2e\\2-advanced-examples\\assertions.cy.js",
      "beforeHooks": [],
      "afterHooks": [],
      "tests": [],
      "suites": [
        {
          "uuid": "2c0e37fa-96f7-4022-9bb7-7dfd65470fcc",
          "title": "Assertions",
          "fullFile": "",
          "file": "",
          "beforeHooks": [],
          "afterHooks": [],
          "tests": [],
          "suites": [
            {
              "uuid": "a4f30a28-0b4d-4599-8a4a-c647e4313153",
              "title": "Implicit Assertions",
              "fullFile": "",
              "file": "",
              "beforeHooks": [],
              "afterHooks": [],
              "tests": [
                {
                  "title": ".should() - make an assertion about the current subject",
                  "fullTitle": "Assertions Implicit Assertions .should() - make an assertion about the current subject",
                  "timedOut": null,
                  "duration": 774,
                  "state": "passed",
                  "speed": "fast",
                  "pass": true,
                  "fail": false,
                  "pending": false,
                  "context": null,
                  "code": "// https://on.cypress.io/should\ncy.get('.assertion-table').find('tbody tr:last').should('have.class', 'success').find('td').first()\n// checking the text of the <td> element in various ways\n.should('have.text', 'Column content').should('contain', 'Column content').should('have.html', 'Column content')\n// chai-jquery uses \"is()\" to check if element matches selector\n.should('match', 'td')\n// to match text content against a regular expression\n// first need to invoke jQuery method text()\n// and then match using regular expression\n.invoke('text').should('match', /column content/i);\n// a better way to check element's text content against a regular expression\n// is to use \"cy.contains\"\n// https://on.cypress.io/contains\ncy.get('.assertion-table').find('tbody tr:last')\n// finds first <td> element with text content matching regular expression\n.contains('td', /column content/i).should('be.visible');\n// for more information about asserting element's text\n// see https://on.cypress.io/using-cypress-faq#How-do-I-get-an-element’s-text-contents",
                  "err": {},
                  "uuid": "3306e7b6-696c-4971-8652-291d645ce3ee",
                  "parentUUID": "a4f30a28-0b4d-4599-8a4a-c647e4313153",
                  "isHook": false,
                  "skipped": false
                },
                {
                  "title": ".and() - chain multiple assertions together",
                  "fullTitle": "Assertions Implicit Assertions .and() - chain multiple assertions together",
                  "timedOut": null,
                  "duration": 342,
                  "state": "passed",
                  "speed": "fast",
                  "pass": true,
                  "fail": false,
                  "pending": false,
                  "context": null,
                  "code": "// https://on.cypress.io/and\ncy.get('.assertions-link').should('have.class', 'active').and('have.attr', 'href').and('include', 'cypress.io');",
                  "err": {},
                  "uuid": "964ebade-dbdd-4220-906e-94b598482513",
                  "parentUUID": "a4f30a28-0b4d-4599-8a4a-c647e4313153",
                  "isHook": false,
                  "skipped": false
                }
              ],
              "suites": [],
              "passes": [
                "3306e7b6-696c-4971-8652-291d645ce3ee",
                "964ebade-dbdd-4220-906e-94b598482513"
              ],
              "failures": [],
              "pending": [],
              "skipped": [],
              "duration": 1116,
              "root": false,
              "rootEmpty": false,
              "_timeout": 2000
            },
            {
              "uuid": "a1bfa724-369a-4330-8712-1a6ad3514479",
              "title": "Explicit Assertions",
              "fullFile": "",
              "file": "",
              "beforeHooks": [],
              "afterHooks": [],
              "tests": [
                {
                  "title": "expect - make an assertion about a specified subject",
                  "fullTitle": "Assertions Explicit Assertions expect - make an assertion about a specified subject",
                  "timedOut": null,
                  "duration": 274,
                  "state": "passed",
                  "speed": "fast",
                  "pass": true,
                  "fail": false,
                  "pending": false,
                  "context": null,
                  "code": "// We can use Chai's BDD style assertions\nexpect(true).to.be.true;\nconst o = {\n  foo: 'bar'\n};\nexpect(o).to.equal(o);\nexpect(o).to.deep.equal({\n  foo: 'bar'\n});\n// matching text using regular expression\nexpect('FooBar').to.match(/bar$/i);",
                  "err": {},
                  "uuid": "ae5754b8-e164-40d9-83a8-f1ed13675325",
                  "parentUUID": "a1bfa724-369a-4330-8712-1a6ad3514479",
                  "isHook": false,
                  "skipped": false
                },
                {
                  "title": "pass your own callback function to should()",
                  "fullTitle": "Assertions Explicit Assertions pass your own callback function to should()",
                  "timedOut": null,
                  "duration": 278,
                  "state": "passed",
                  "speed": "fast",
                  "pass": true,
                  "fail": false,
                  "pending": false,
                  "context": null,
                  "code": "// Pass a function to should that can have any number\n// of explicit assertions within it.\n// The \".should(cb)\" function will be retried\n// automatically until it passes all your explicit assertions or times out.\ncy.get('.assertions-p').find('p').should($p => {\n  // https://on.cypress.io/$\n  // return an array of texts from all of the p's\n  const texts = $p.map((i, el) => Cypress.$(el).text());\n  // jquery map returns jquery object\n  // and .get() convert this to simple array\n  const paragraphs = texts.get();\n  // array should have length of 3\n  expect(paragraphs, 'has 3 paragraphs').to.have.length(3);\n  // use second argument to expect(...) to provide clear\n  // message with each assertion\n  expect(paragraphs, 'has expected text in each paragraph').to.deep.eq(['Some text from first p', 'More text from second p', 'And even more text from third p']);\n});",
                  "err": {},
                  "uuid": "adbc6496-1bc7-47c1-a17b-b10ff027025d",
                  "parentUUID": "a1bfa724-369a-4330-8712-1a6ad3514479",
                  "isHook": false,
                  "skipped": false
                },
                {
                  "title": "finds element by class name regex",
                  "fullTitle": "Assertions Explicit Assertions finds element by class name regex",
                  "timedOut": null,
                  "duration": 262,
                  "state": "passed",
                  "speed": "fast",
                  "pass": true,
                  "fail": false,
                  "pending": false,
                  "context": null,
                  "code": "cy.get('.docs-header').find('div')\n// .should(cb) callback function will be retried\n.should($div => {\n  expect($div).to.have.length(1);\n  const className = $div[0].className;\n  expect(className).to.match(/heading-/);\n})\n// .then(cb) callback is not retried,\n// it either passes or fails\n.then($div => {\n  expect($div, 'text content').to.have.text('Introduction');\n});",
                  "err": {},
                  "uuid": "8ec293ff-4c99-45f2-afac-5fe8d9422d5f",
                  "parentUUID": "a1bfa724-369a-4330-8712-1a6ad3514479",
                  "isHook": false,
                  "skipped": false
                },
                {
                  "title": "can throw any error",
                  "fullTitle": "Assertions Explicit Assertions can throw any error",
                  "timedOut": null,
                  "duration": 248,
                  "state": "passed",
                  "speed": "fast",
                  "pass": true,
                  "fail": false,
                  "pending": false,
                  "context": null,
                  "code": "cy.get('.docs-header').find('div').should($div => {\n  if ($div.length !== 1) {\n    // you can throw your own errors\n    throw new Error('Did not find 1 element');\n  }\n  const className = $div[0].className;\n  if (!className.match(/heading-/)) {\n    throw new Error(`Could not find class \"heading-\" in ${className}`);\n  }\n});",
                  "err": {},
                  "uuid": "79df968b-b1fb-42b0-a73f-270463d21a13",
                  "parentUUID": "a1bfa724-369a-4330-8712-1a6ad3514479",
                  "isHook": false,
                  "skipped": false
                },
                {
                  "title": "matches unknown text between two elements",
                  "fullTitle": "Assertions Explicit Assertions matches unknown text between two elements",
                  "timedOut": null,
                  "duration": 252,
                  "state": "passed",
                  "speed": "fast",
                  "pass": true,
                  "fail": false,
                  "pending": false,
                  "context": null,
                  "code": "/**\n * Text from the first element.\n * @type {string}\n*/\nlet text;\n/**\n * Normalizes passed text,\n * useful before comparing text with spaces and different capitalization.\n * @param {string} s Text to normalize\n*/\nconst normalizeText = s => s.replace(/\\s/g, '').toLowerCase();\ncy.get('.two-elements').find('.first').then($first => {\n  // save text from the first element\n  text = normalizeText($first.text());\n});\ncy.get('.two-elements').find('.second').should($div => {\n  // we can massage text before comparing\n  const secondText = normalizeText($div.text());\n  expect(secondText, 'second text').to.equal(text);\n});",
                  "err": {},
                  "uuid": "c6c3e5f5-7fd6-48a8-abcc-cf98b34d76f5",
                  "parentUUID": "a1bfa724-369a-4330-8712-1a6ad3514479",
                  "isHook": false,
                  "skipped": false
                },
                {
                  "title": "assert - assert shape of an object",
                  "fullTitle": "Assertions Explicit Assertions assert - assert shape of an object",
                  "timedOut": null,
                  "duration": 226,
                  "state": "passed",
                  "speed": "fast",
                  "pass": true,
                  "fail": false,
                  "pending": false,
                  "context": null,
                  "code": "const person = {\n  name: 'Joe',\n  age: 20\n};\nassert.isObject(person, 'value is object');",
                  "err": {},
                  "uuid": "b833d7c2-2479-49d6-a246-7fa74f752d95",
                  "parentUUID": "a1bfa724-369a-4330-8712-1a6ad3514479",
                  "isHook": false,
                  "skipped": false
                },
                {
                  "title": "retries the should callback until assertions pass",
                  "fullTitle": "Assertions Explicit Assertions retries the should callback until assertions pass",
                  "timedOut": null,
                  "duration": 1689,
                  "state": "passed",
                  "speed": "fast",
                  "pass": true,
                  "fail": false,
                  "pending": false,
                  "context": null,
                  "code": "cy.get('#random-number').should($div => {\n  const n = parseFloat($div.text());\n  expect(n).to.be.gte(1).and.be.lte(10);\n});",
                  "err": {},
                  "uuid": "7a9accdc-9865-4d7d-8d99-dfb65ffac082",
                  "parentUUID": "a1bfa724-369a-4330-8712-1a6ad3514479",
                  "isHook": false,
                  "skipped": false
                }
              ],
              "suites": [],
              "passes": [
                "ae5754b8-e164-40d9-83a8-f1ed13675325",
                "adbc6496-1bc7-47c1-a17b-b10ff027025d",
                "8ec293ff-4c99-45f2-afac-5fe8d9422d5f",
                "79df968b-b1fb-42b0-a73f-270463d21a13",
                "c6c3e5f5-7fd6-48a8-abcc-cf98b34d76f5",
                "b833d7c2-2479-49d6-a246-7fa74f752d95",
                "7a9accdc-9865-4d7d-8d99-dfb65ffac082"
              ],
              "failures": [],
              "pending": [],
              "skipped": [],
              "duration": 3229,
              "root": false,
              "rootEmpty": false,
              "_timeout": 2000
            }
          ],
          "passes": [],
          "failures": [],
          "pending": [],
          "skipped": [],
          "duration": 0,
          "root": false,
          "rootEmpty": false,
          "_timeout": 2000
        }
      ],
      "passes": [],
      "failures": [],
      "pending": [],
      "skipped": [],
      "duration": 0,
      "root": true,
      "rootEmpty": true,
      "_timeout": 2000
    },
    {
      "uuid": "63a38d1f-a600-4fa8-aca9-87b4e77807b0",
      "title": "",
      "fullFile": "cypress\\e2e\\2-advanced-examples\\connectors.cy.js",
      "file": "cypress\\e2e\\2-advanced-examples\\connectors.cy.js",
      "beforeHooks": [],
      "afterHooks": [],
      "tests": [],
      "suites": [
        {
          "uuid": "e76c2666-ec56-44d8-a77d-a20e6e396f94",
          "title": "Connectors",
          "fullFile": "",
          "file": "",
          "beforeHooks": [],
          "afterHooks": [],
          "tests": [
            {
              "title": ".each() - iterate over an array of elements",
              "fullTitle": "Connectors .each() - iterate over an array of elements",
              "timedOut": null,
              "duration": 552,
              "state": "passed",
              "speed": "fast",
              "pass": true,
              "fail": false,
              "pending": false,
              "context": null,
              "code": "// https://on.cypress.io/each\ncy.get('.connectors-each-ul>li').each(($el, index, $list) => {\n  console.log($el, index, $list);\n});",
              "err": {},
              "uuid": "1e20c09a-6936-4e36-adc0-6b1854d5800d",
              "parentUUID": "e76c2666-ec56-44d8-a77d-a20e6e396f94",
              "isHook": false,
              "skipped": false
            },
            {
              "title": ".its() - get properties on the current subject",
              "fullTitle": "Connectors .its() - get properties on the current subject",
              "timedOut": null,
              "duration": 240,
              "state": "passed",
              "speed": "fast",
              "pass": true,
              "fail": false,
              "pending": false,
              "context": null,
              "code": "// https://on.cypress.io/its\ncy.get('.connectors-its-ul>li')\n// calls the 'length' property yielding that value\n.its('length').should('be.gt', 2);",
              "err": {},
              "uuid": "4840ccf8-9f12-4a9d-aafb-6e7261afe5af",
              "parentUUID": "e76c2666-ec56-44d8-a77d-a20e6e396f94",
              "isHook": false,
              "skipped": false
            },
            {
              "title": ".invoke() - invoke a function on the current subject",
              "fullTitle": "Connectors .invoke() - invoke a function on the current subject",
              "timedOut": null,
              "duration": 242,
              "state": "passed",
              "speed": "fast",
              "pass": true,
              "fail": false,
              "pending": false,
              "context": null,
              "code": "// our div is hidden in our script.js\n// $('.connectors-div').hide()\ncy.get('.connectors-div').should('be.hidden');\n// https://on.cypress.io/invoke\n// call the jquery method 'show' on the 'div.container'\ncy.get('.connectors-div').invoke('show');\ncy.get('.connectors-div').should('be.visible');",
              "err": {},
              "uuid": "c62056de-cf8f-478c-a923-52f80c5ca9ab",
              "parentUUID": "e76c2666-ec56-44d8-a77d-a20e6e396f94",
              "isHook": false,
              "skipped": false
            },
            {
              "title": ".spread() - spread an array as individual args to callback function",
              "fullTitle": "Connectors .spread() - spread an array as individual args to callback function",
              "timedOut": null,
              "duration": 243,
              "state": "passed",
              "speed": "fast",
              "pass": true,
              "fail": false,
              "pending": false,
              "context": null,
              "code": "// https://on.cypress.io/spread\nconst arr = ['foo', 'bar', 'baz'];\ncy.wrap(arr).spread((foo, bar, baz) => {\n  expect(foo).to.eq('foo');\n  expect(bar).to.eq('bar');\n  expect(baz).to.eq('baz');\n});",
              "err": {},
              "uuid": "d4763706-0a60-40b8-b637-8cb108ff38b5",
              "parentUUID": "e76c2666-ec56-44d8-a77d-a20e6e396f94",
              "isHook": false,
              "skipped": false
            }
          ],
          "suites": [
            {
              "uuid": "834a9503-eb69-4d6e-86a6-30849f77ac3c",
              "title": ".then()",
              "fullFile": "",
              "file": "",
              "beforeHooks": [],
              "afterHooks": [],
              "tests": [
                {
                  "title": "invokes a callback function with the current subject",
                  "fullTitle": "Connectors .then() invokes a callback function with the current subject",
                  "timedOut": null,
                  "duration": 238,
                  "state": "passed",
                  "speed": "fast",
                  "pass": true,
                  "fail": false,
                  "pending": false,
                  "context": null,
                  "code": "// https://on.cypress.io/then\ncy.get('.connectors-list > li').then($lis => {\n  expect($lis, '3 items').to.have.length(3);\n  expect($lis.eq(0), 'first item').to.contain('Walk the dog');\n  expect($lis.eq(1), 'second item').to.contain('Feed the cat');\n  expect($lis.eq(2), 'third item').to.contain('Write JavaScript');\n});",
                  "err": {},
                  "uuid": "a1957c24-75b9-4206-8028-b8b44265bca8",
                  "parentUUID": "834a9503-eb69-4d6e-86a6-30849f77ac3c",
                  "isHook": false,
                  "skipped": false
                },
                {
                  "title": "yields the returned value to the next command",
                  "fullTitle": "Connectors .then() yields the returned value to the next command",
                  "timedOut": null,
                  "duration": 230,
                  "state": "passed",
                  "speed": "fast",
                  "pass": true,
                  "fail": false,
                  "pending": false,
                  "context": null,
                  "code": "cy.wrap(1).then(num => {\n  expect(num).to.equal(1);\n  return 2;\n}).then(num => {\n  expect(num).to.equal(2);\n});",
                  "err": {},
                  "uuid": "63bfdb8a-1bfc-45d3-94c4-ab5d3847b894",
                  "parentUUID": "834a9503-eb69-4d6e-86a6-30849f77ac3c",
                  "isHook": false,
                  "skipped": false
                },
                {
                  "title": "yields the original subject without return",
                  "fullTitle": "Connectors .then() yields the original subject without return",
                  "timedOut": null,
                  "duration": 222,
                  "state": "passed",
                  "speed": "fast",
                  "pass": true,
                  "fail": false,
                  "pending": false,
                  "context": null,
                  "code": "cy.wrap(1).then(num => {\n  expect(num).to.equal(1);\n  // note that nothing is returned from this callback\n}).then(num => {\n  // this callback receives the original unchanged value 1\n  expect(num).to.equal(1);\n});",
                  "err": {},
                  "uuid": "fa058322-0418-43cc-9141-cf3873f170c1",
                  "parentUUID": "834a9503-eb69-4d6e-86a6-30849f77ac3c",
                  "isHook": false,
                  "skipped": false
                },
                {
                  "title": "yields the value yielded by the last Cypress command inside",
                  "fullTitle": "Connectors .then() yields the value yielded by the last Cypress command inside",
                  "timedOut": null,
                  "duration": 222,
                  "state": "passed",
                  "speed": "fast",
                  "pass": true,
                  "fail": false,
                  "pending": false,
                  "context": null,
                  "code": "cy.wrap(1).then(num => {\n  expect(num).to.equal(1);\n  // note how we run a Cypress command\n  // the result yielded by this Cypress command\n  // will be passed to the second \".then\"\n  cy.wrap(2);\n}).then(num => {\n  // this callback receives the value yielded by \"cy.wrap(2)\"\n  expect(num).to.equal(2);\n});",
                  "err": {},
                  "uuid": "e467ce80-035d-4cb6-a4db-9d28cda17365",
                  "parentUUID": "834a9503-eb69-4d6e-86a6-30849f77ac3c",
                  "isHook": false,
                  "skipped": false
                }
              ],
              "suites": [],
              "passes": [
                "a1957c24-75b9-4206-8028-b8b44265bca8",
                "63bfdb8a-1bfc-45d3-94c4-ab5d3847b894",
                "fa058322-0418-43cc-9141-cf3873f170c1",
                "e467ce80-035d-4cb6-a4db-9d28cda17365"
              ],
              "failures": [],
              "pending": [],
              "skipped": [],
              "duration": 912,
              "root": false,
              "rootEmpty": false,
              "_timeout": 2000
            }
          ],
          "passes": [
            "1e20c09a-6936-4e36-adc0-6b1854d5800d",
            "4840ccf8-9f12-4a9d-aafb-6e7261afe5af",
            "c62056de-cf8f-478c-a923-52f80c5ca9ab",
            "d4763706-0a60-40b8-b637-8cb108ff38b5"
          ],
          "failures": [],
          "pending": [],
          "skipped": [],
          "duration": 1277,
          "root": false,
          "rootEmpty": false,
          "_timeout": 2000
        }
      ],
      "passes": [],
      "failures": [],
      "pending": [],
      "skipped": [],
      "duration": 0,
      "root": true,
      "rootEmpty": true,
      "_timeout": 2000
    },
    {
      "uuid": "9864d5e0-b24d-4145-ac37-9a42f1b6e3dd",
      "title": "",
      "fullFile": "cypress\\e2e\\2-advanced-examples\\cookies.cy.js",
      "file": "cypress\\e2e\\2-advanced-examples\\cookies.cy.js",
      "beforeHooks": [],
      "afterHooks": [],
      "tests": [],
      "suites": [
        {
          "uuid": "33df3613-f8a3-47a5-91f2-248ccd10efac",
          "title": "Cookies",
          "fullFile": "",
          "file": "",
          "beforeHooks": [],
          "afterHooks": [],
          "tests": [
            {
              "title": "cy.getCookie() - get a browser cookie",
              "fullTitle": "Cookies cy.getCookie() - get a browser cookie",
              "timedOut": null,
              "duration": 753,
              "state": "passed",
              "speed": "fast",
              "pass": true,
              "fail": false,
              "pending": false,
              "context": null,
              "code": "// https://on.cypress.io/getcookie\ncy.get('#getCookie .set-a-cookie').click();\n// cy.getCookie() yields a cookie object\ncy.getCookie('token').should('have.property', 'value', '123ABC');",
              "err": {},
              "uuid": "f9d83904-7f9e-48a1-b01c-f015fb6187b0",
              "parentUUID": "33df3613-f8a3-47a5-91f2-248ccd10efac",
              "isHook": false,
              "skipped": false
            },
            {
              "title": "cy.getCookies() - get browser cookies for the current domain",
              "fullTitle": "Cookies cy.getCookies() - get browser cookies for the current domain",
              "timedOut": null,
              "duration": 434,
              "state": "passed",
              "speed": "fast",
              "pass": true,
              "fail": false,
              "pending": false,
              "context": null,
              "code": "// https://on.cypress.io/getcookies\ncy.getCookies().should('be.empty');\ncy.get('#getCookies .set-a-cookie').click();\n// cy.getCookies() yields an array of cookies\ncy.getCookies().should('have.length', 1).should(cookies => {\n  // each cookie has these properties\n  expect(cookies[0]).to.have.property('name', 'token');\n  expect(cookies[0]).to.have.property('value', '123ABC');\n  expect(cookies[0]).to.have.property('httpOnly', false);\n  expect(cookies[0]).to.have.property('secure', false);\n  expect(cookies[0]).to.have.property('domain');\n  expect(cookies[0]).to.have.property('path');\n});",
              "err": {},
              "uuid": "bab2c332-e808-4044-8589-2f88489c0f9a",
              "parentUUID": "33df3613-f8a3-47a5-91f2-248ccd10efac",
              "isHook": false,
              "skipped": false
            },
            {
              "title": "cy.getAllCookies() - get all browser cookies",
              "fullTitle": "Cookies cy.getAllCookies() - get all browser cookies",
              "timedOut": null,
              "duration": 285,
              "state": "passed",
              "speed": "fast",
              "pass": true,
              "fail": false,
              "pending": false,
              "context": null,
              "code": "// https://on.cypress.io/getallcookies\ncy.getAllCookies().should('be.empty');\ncy.setCookie('key', 'value');\ncy.setCookie('key', 'value', {\n  domain: '.example.com'\n});\n// cy.getAllCookies() yields an array of cookies\ncy.getAllCookies().should('have.length', 2).should(cookies => {\n  // each cookie has these properties\n  expect(cookies[0]).to.have.property('name', 'key');\n  expect(cookies[0]).to.have.property('value', 'value');\n  expect(cookies[0]).to.have.property('httpOnly', false);\n  expect(cookies[0]).to.have.property('secure', false);\n  expect(cookies[0]).to.have.property('domain');\n  expect(cookies[0]).to.have.property('path');\n  expect(cookies[1]).to.have.property('name', 'key');\n  expect(cookies[1]).to.have.property('value', 'value');\n  expect(cookies[1]).to.have.property('httpOnly', false);\n  expect(cookies[1]).to.have.property('secure', false);\n  expect(cookies[1]).to.have.property('domain', '.example.com');\n  expect(cookies[1]).to.have.property('path');\n});",
              "err": {},
              "uuid": "4b9c2036-5184-474a-ab6c-b449bc7e69b7",
              "parentUUID": "33df3613-f8a3-47a5-91f2-248ccd10efac",
              "isHook": false,
              "skipped": false
            },
            {
              "title": "cy.setCookie() - set a browser cookie",
              "fullTitle": "Cookies cy.setCookie() - set a browser cookie",
              "timedOut": null,
              "duration": 257,
              "state": "passed",
              "speed": "fast",
              "pass": true,
              "fail": false,
              "pending": false,
              "context": null,
              "code": "// https://on.cypress.io/setcookie\ncy.getCookies().should('be.empty');\ncy.setCookie('foo', 'bar');\n// cy.getCookie() yields a cookie object\ncy.getCookie('foo').should('have.property', 'value', 'bar');",
              "err": {},
              "uuid": "e78ae7f8-c7e8-46b4-b54b-564c9da7465e",
              "parentUUID": "33df3613-f8a3-47a5-91f2-248ccd10efac",
              "isHook": false,
              "skipped": false
            },
            {
              "title": "cy.clearCookie() - clear a browser cookie",
              "fullTitle": "Cookies cy.clearCookie() - clear a browser cookie",
              "timedOut": null,
              "duration": 346,
              "state": "passed",
              "speed": "fast",
              "pass": true,
              "fail": false,
              "pending": false,
              "context": null,
              "code": "// https://on.cypress.io/clearcookie\ncy.getCookie('token').should('be.null');\ncy.get('#clearCookie .set-a-cookie').click();\ncy.getCookie('token').should('have.property', 'value', '123ABC');\n// cy.clearCookies() yields null\ncy.clearCookie('token').should('be.null');\ncy.getCookie('token').should('be.null');",
              "err": {},
              "uuid": "9ec5b713-a50b-4466-921e-6293cdd91796",
              "parentUUID": "33df3613-f8a3-47a5-91f2-248ccd10efac",
              "isHook": false,
              "skipped": false
            },
            {
              "title": "cy.clearCookies() - clear browser cookies for the current domain",
              "fullTitle": "Cookies cy.clearCookies() - clear browser cookies for the current domain",
              "timedOut": null,
              "duration": 335,
              "state": "passed",
              "speed": "fast",
              "pass": true,
              "fail": false,
              "pending": false,
              "context": null,
              "code": "// https://on.cypress.io/clearcookies\ncy.getCookies().should('be.empty');\ncy.get('#clearCookies .set-a-cookie').click();\ncy.getCookies().should('have.length', 1);\n// cy.clearCookies() yields null\ncy.clearCookies();\ncy.getCookies().should('be.empty');",
              "err": {},
              "uuid": "75f53bcc-eb39-4348-a632-6fc3e359513f",
              "parentUUID": "33df3613-f8a3-47a5-91f2-248ccd10efac",
              "isHook": false,
              "skipped": false
            },
            {
              "title": "cy.clearAllCookies() - clear all browser cookies",
              "fullTitle": "Cookies cy.clearAllCookies() - clear all browser cookies",
              "timedOut": null,
              "duration": 265,
              "state": "passed",
              "speed": "fast",
              "pass": true,
              "fail": false,
              "pending": false,
              "context": null,
              "code": "// https://on.cypress.io/clearallcookies\ncy.getAllCookies().should('be.empty');\ncy.setCookie('key', 'value');\ncy.setCookie('key', 'value', {\n  domain: '.example.com'\n});\ncy.getAllCookies().should('have.length', 2);\n// cy.clearAllCookies() yields null\ncy.clearAllCookies();\ncy.getAllCookies().should('be.empty');",
              "err": {},
              "uuid": "7da324c8-f881-45b4-a71f-14652f5e35a5",
              "parentUUID": "33df3613-f8a3-47a5-91f2-248ccd10efac",
              "isHook": false,
              "skipped": false
            }
          ],
          "suites": [],
          "passes": [
            "f9d83904-7f9e-48a1-b01c-f015fb6187b0",
            "bab2c332-e808-4044-8589-2f88489c0f9a",
            "4b9c2036-5184-474a-ab6c-b449bc7e69b7",
            "e78ae7f8-c7e8-46b4-b54b-564c9da7465e",
            "9ec5b713-a50b-4466-921e-6293cdd91796",
            "75f53bcc-eb39-4348-a632-6fc3e359513f",
            "7da324c8-f881-45b4-a71f-14652f5e35a5"
          ],
          "failures": [],
          "pending": [],
          "skipped": [],
          "duration": 2675,
          "root": false,
          "rootEmpty": false,
          "_timeout": 2000
        }
      ],
      "passes": [],
      "failures": [],
      "pending": [],
      "skipped": [],
      "duration": 0,
      "root": true,
      "rootEmpty": true,
      "_timeout": 2000
    },
    {
      "uuid": "54ea1088-a208-4a78-91f2-85bd68ebdb85",
      "title": "",
      "fullFile": "cypress\\e2e\\2-advanced-examples\\cypress_api.cy.js",
      "file": "cypress\\e2e\\2-advanced-examples\\cypress_api.cy.js",
      "beforeHooks": [],
      "afterHooks": [],
      "tests": [],
      "suites": [
        {
          "uuid": "a1a9cbb5-23b8-4129-8138-e3a7c1814281",
          "title": "Cypress.Commands",
          "fullFile": "",
          "file": "",
          "beforeHooks": [],
          "afterHooks": [],
          "tests": [
            {
              "title": ".add() - create a custom command",
              "fullTitle": "Cypress.Commands .add() - create a custom command",
              "timedOut": null,
              "duration": 547,
              "state": "passed",
              "speed": "fast",
              "pass": true,
              "fail": false,
              "pending": false,
              "context": null,
              "code": "Cypress.Commands.add('console', {\n  prevSubject: true\n}, (subject, method) => {\n  // the previous subject is automatically received\n  // and the commands arguments are shifted\n  // allow us to change the console method used\n  method = method || 'log';\n  // log the subject to the console\n  console[method]('The subject is', subject);\n  // whatever we return becomes the new subject\n  // we don't want to change the subject so\n  // we return whatever was passed in\n  return subject;\n});\ncy.get('button').console('info').then($button => {\n  // subject is still $button\n});",
              "err": {},
              "uuid": "b2ed84d7-95c6-4650-94d0-0efa34dfae30",
              "parentUUID": "a1a9cbb5-23b8-4129-8138-e3a7c1814281",
              "isHook": false,
              "skipped": false
            }
          ],
          "suites": [],
          "passes": [
            "b2ed84d7-95c6-4650-94d0-0efa34dfae30"
          ],
          "failures": [],
          "pending": [],
          "skipped": [],
          "duration": 547,
          "root": false,
          "rootEmpty": false,
          "_timeout": 2000
        },
        {
          "uuid": "09cf80af-8c0d-46ea-9bbf-bb8dcdbae058",
          "title": "Cypress.Cookies",
          "fullFile": "",
          "file": "",
          "beforeHooks": [],
          "afterHooks": [],
          "tests": [
            {
              "title": ".debug() - enable or disable debugging",
              "fullTitle": "Cypress.Cookies .debug() - enable or disable debugging",
              "timedOut": null,
              "duration": 292,
              "state": "passed",
              "speed": "fast",
              "pass": true,
              "fail": false,
              "pending": false,
              "context": null,
              "code": "Cypress.Cookies.debug(true);\n// Cypress will now log in the console when\n// cookies are set or cleared\ncy.setCookie('fakeCookie', '123ABC');\ncy.clearCookie('fakeCookie');\ncy.setCookie('fakeCookie', '123ABC');\ncy.clearCookie('fakeCookie');\ncy.setCookie('fakeCookie', '123ABC');",
              "err": {},
              "uuid": "230fb538-0b67-441c-9d61-9bd1c859f699",
              "parentUUID": "09cf80af-8c0d-46ea-9bbf-bb8dcdbae058",
              "isHook": false,
              "skipped": false
            }
          ],
          "suites": [],
          "passes": [
            "230fb538-0b67-441c-9d61-9bd1c859f699"
          ],
          "failures": [],
          "pending": [],
          "skipped": [],
          "duration": 292,
          "root": false,
          "rootEmpty": false,
          "_timeout": 2000
        },
        {
          "uuid": "364e835e-31da-43a0-911b-db3d9f9b076e",
          "title": "Cypress.arch",
          "fullFile": "",
          "file": "",
          "beforeHooks": [],
          "afterHooks": [],
          "tests": [
            {
              "title": "Get CPU architecture name of underlying OS",
              "fullTitle": "Cypress.arch Get CPU architecture name of underlying OS",
              "timedOut": null,
              "duration": 229,
              "state": "passed",
              "speed": "fast",
              "pass": true,
              "fail": false,
              "pending": false,
              "context": null,
              "code": "// https://on.cypress.io/arch\nexpect(Cypress.arch).to.exist;",
              "err": {},
              "uuid": "a6cc88dc-d267-4e12-9f1f-6d25c5912352",
              "parentUUID": "364e835e-31da-43a0-911b-db3d9f9b076e",
              "isHook": false,
              "skipped": false
            }
          ],
          "suites": [],
          "passes": [
            "a6cc88dc-d267-4e12-9f1f-6d25c5912352"
          ],
          "failures": [],
          "pending": [],
          "skipped": [],
          "duration": 229,
          "root": false,
          "rootEmpty": false,
          "_timeout": 2000
        },
        {
          "uuid": "70d62bca-fcd5-481f-8625-9b1fd4ce5fbc",
          "title": "Cypress.config()",
          "fullFile": "",
          "file": "",
          "beforeHooks": [],
          "afterHooks": [],
          "tests": [
            {
              "title": "Get and set configuration options",
              "fullTitle": "Cypress.config() Get and set configuration options",
              "timedOut": null,
              "duration": 277,
              "state": "passed",
              "speed": "fast",
              "pass": true,
              "fail": false,
              "pending": false,
              "context": null,
              "code": "// https://on.cypress.io/config\nlet myConfig = Cypress.config();\nexpect(myConfig).to.have.property('animationDistanceThreshold', 5);\nexpect(myConfig).to.have.property('baseUrl', null);\nexpect(myConfig).to.have.property('defaultCommandTimeout', 4000);\nexpect(myConfig).to.have.property('requestTimeout', 5000);\nexpect(myConfig).to.have.property('responseTimeout', 30000);\nexpect(myConfig).to.have.property('viewportHeight', 660);\nexpect(myConfig).to.have.property('viewportWidth', 1000);\nexpect(myConfig).to.have.property('pageLoadTimeout', 60000);\nexpect(myConfig).to.have.property('waitForAnimations', true);\nexpect(Cypress.config('pageLoadTimeout')).to.eq(60000);\n// this will change the config for the rest of your tests!\nCypress.config('pageLoadTimeout', 20000);\nexpect(Cypress.config('pageLoadTimeout')).to.eq(20000);\nCypress.config('pageLoadTimeout', 60000);",
              "err": {},
              "uuid": "8d8694dc-4d7f-41ba-b8eb-4368ab0ab31d",
              "parentUUID": "70d62bca-fcd5-481f-8625-9b1fd4ce5fbc",
              "isHook": false,
              "skipped": false
            }
          ],
          "suites": [],
          "passes": [
            "8d8694dc-4d7f-41ba-b8eb-4368ab0ab31d"
          ],
          "failures": [],
          "pending": [],
          "skipped": [],
          "duration": 277,
          "root": false,
          "rootEmpty": false,
          "_timeout": 2000
        },
        {
          "uuid": "936bf34c-9d43-4d3a-a8c6-148144171ea5",
          "title": "Cypress.dom",
          "fullFile": "",
          "file": "",
          "beforeHooks": [],
          "afterHooks": [],
          "tests": [
            {
              "title": ".isHidden() - determine if a DOM element is hidden",
              "fullTitle": "Cypress.dom .isHidden() - determine if a DOM element is hidden",
              "timedOut": null,
              "duration": 232,
              "state": "passed",
              "speed": "fast",
              "pass": true,
              "fail": false,
              "pending": false,
              "context": null,
              "code": "let hiddenP = Cypress.$('.dom-p p.hidden').get(0);\nlet visibleP = Cypress.$('.dom-p p.visible').get(0);\n// our first paragraph has css class 'hidden'\nexpect(Cypress.dom.isHidden(hiddenP)).to.be.true;\nexpect(Cypress.dom.isHidden(visibleP)).to.be.false;",
              "err": {},
              "uuid": "d14b51f1-a852-4556-8fed-1302508bc259",
              "parentUUID": "936bf34c-9d43-4d3a-a8c6-148144171ea5",
              "isHook": false,
              "skipped": false
            }
          ],
          "suites": [],
          "passes": [
            "d14b51f1-a852-4556-8fed-1302508bc259"
          ],
          "failures": [],
          "pending": [],
          "skipped": [],
          "duration": 232,
          "root": false,
          "rootEmpty": false,
          "_timeout": 2000
        },
        {
          "uuid": "0d7c5172-5ef9-4f59-bd2f-0c55173bd6e0",
          "title": "Cypress.env()",
          "fullFile": "",
          "file": "",
          "beforeHooks": [],
          "afterHooks": [],
          "tests": [
            {
              "title": "Get environment variables",
              "fullTitle": "Cypress.env() Get environment variables",
              "timedOut": null,
              "duration": 225,
              "state": "passed",
              "speed": "fast",
              "pass": true,
              "fail": false,
              "pending": false,
              "context": null,
              "code": "// https://on.cypress.io/env\n// set multiple environment variables\nCypress.env({\n  host: 'veronica.dev.local',\n  api_server: 'http://localhost:8888/v1/'\n});\n// get environment variable\nexpect(Cypress.env('host')).to.eq('veronica.dev.local');\n// set environment variable\nCypress.env('api_server', 'http://localhost:8888/v2/');\nexpect(Cypress.env('api_server')).to.eq('http://localhost:8888/v2/');\n// get all environment variable\nexpect(Cypress.env()).to.have.property('host', 'veronica.dev.local');\nexpect(Cypress.env()).to.have.property('api_server', 'http://localhost:8888/v2/');",
              "err": {},
              "uuid": "8da13e58-6cd6-430c-b779-78136ffd4de7",
              "parentUUID": "0d7c5172-5ef9-4f59-bd2f-0c55173bd6e0",
              "isHook": false,
              "skipped": false
            }
          ],
          "suites": [],
          "passes": [
            "8da13e58-6cd6-430c-b779-78136ffd4de7"
          ],
          "failures": [],
          "pending": [],
          "skipped": [],
          "duration": 225,
          "root": false,
          "rootEmpty": false,
          "_timeout": 2000
        },
        {
          "uuid": "607ba419-3ecf-40b0-b047-88d6eb6a0f2f",
          "title": "Cypress.log",
          "fullFile": "",
          "file": "",
          "beforeHooks": [],
          "afterHooks": [],
          "tests": [
            {
              "title": "Control what is printed to the Command Log",
              "fullTitle": "Cypress.log Control what is printed to the Command Log",
              "timedOut": null,
              "duration": 223,
              "state": "passed",
              "speed": "fast",
              "pass": true,
              "fail": false,
              "pending": false,
              "context": null,
              "code": "// https://on.cypress.io/cypress-log",
              "err": {},
              "uuid": "3b996c78-44a5-4d4c-b938-a2076a105c48",
              "parentUUID": "607ba419-3ecf-40b0-b047-88d6eb6a0f2f",
              "isHook": false,
              "skipped": false
            }
          ],
          "suites": [],
          "passes": [
            "3b996c78-44a5-4d4c-b938-a2076a105c48"
          ],
          "failures": [],
          "pending": [],
          "skipped": [],
          "duration": 223,
          "root": false,
          "rootEmpty": false,
          "_timeout": 2000
        },
        {
          "uuid": "c0a3d88d-7eb8-47f6-ab0f-3d9600f2b2b7",
          "title": "Cypress.platform",
          "fullFile": "",
          "file": "",
          "beforeHooks": [],
          "afterHooks": [],
          "tests": [
            {
              "title": "Get underlying OS name",
              "fullTitle": "Cypress.platform Get underlying OS name",
              "timedOut": null,
              "duration": 218,
              "state": "passed",
              "speed": "fast",
              "pass": true,
              "fail": false,
              "pending": false,
              "context": null,
              "code": "// https://on.cypress.io/platform\nexpect(Cypress.platform).to.be.exist;",
              "err": {},
              "uuid": "51d4acc5-4976-447e-bf49-e041ba636a00",
              "parentUUID": "c0a3d88d-7eb8-47f6-ab0f-3d9600f2b2b7",
              "isHook": false,
              "skipped": false
            }
          ],
          "suites": [],
          "passes": [
            "51d4acc5-4976-447e-bf49-e041ba636a00"
          ],
          "failures": [],
          "pending": [],
          "skipped": [],
          "duration": 218,
          "root": false,
          "rootEmpty": false,
          "_timeout": 2000
        },
        {
          "uuid": "69ff2472-ed9d-4772-b2a6-5fcc33c9eccf",
          "title": "Cypress.version",
          "fullFile": "",
          "file": "",
          "beforeHooks": [],
          "afterHooks": [],
          "tests": [
            {
              "title": "Get current version of Cypress being run",
              "fullTitle": "Cypress.version Get current version of Cypress being run",
              "timedOut": null,
              "duration": 236,
              "state": "passed",
              "speed": "fast",
              "pass": true,
              "fail": false,
              "pending": false,
              "context": null,
              "code": "// https://on.cypress.io/version\nexpect(Cypress.version).to.be.exist;",
              "err": {},
              "uuid": "4c1c7a9e-1b87-4b88-8033-aa878fa60d0c",
              "parentUUID": "69ff2472-ed9d-4772-b2a6-5fcc33c9eccf",
              "isHook": false,
              "skipped": false
            }
          ],
          "suites": [],
          "passes": [
            "4c1c7a9e-1b87-4b88-8033-aa878fa60d0c"
          ],
          "failures": [],
          "pending": [],
          "skipped": [],
          "duration": 236,
          "root": false,
          "rootEmpty": false,
          "_timeout": 2000
        },
        {
          "uuid": "e85423ed-2247-4eb2-9d3b-14a02d2d5683",
          "title": "Cypress.spec",
          "fullFile": "",
          "file": "",
          "beforeHooks": [],
          "afterHooks": [],
          "tests": [
            {
              "title": "Get current spec information",
              "fullTitle": "Cypress.spec Get current spec information",
              "timedOut": null,
              "duration": 229,
              "state": "passed",
              "speed": "fast",
              "pass": true,
              "fail": false,
              "pending": false,
              "context": null,
              "code": "// https://on.cypress.io/spec\n// wrap the object so we can inspect it easily by clicking in the command log\ncy.wrap(Cypress.spec).should('include.keys', ['name', 'relative', 'absolute']);",
              "err": {},
              "uuid": "62238b78-0e89-4684-91ad-57a6d5870335",
              "parentUUID": "e85423ed-2247-4eb2-9d3b-14a02d2d5683",
              "isHook": false,
              "skipped": false
            }
          ],
          "suites": [],
          "passes": [
            "62238b78-0e89-4684-91ad-57a6d5870335"
          ],
          "failures": [],
          "pending": [],
          "skipped": [],
          "duration": 229,
          "root": false,
          "rootEmpty": false,
          "_timeout": 2000
        }
      ],
      "passes": [],
      "failures": [],
      "pending": [],
      "skipped": [],
      "duration": 0,
      "root": true,
      "rootEmpty": true,
      "_timeout": 2000
    },
    {
      "uuid": "88ca72f2-eb8d-490b-a4d6-ccf9c25b4b15",
      "title": "",
      "fullFile": "cypress\\e2e\\2-advanced-examples\\files.cy.js",
      "file": "cypress\\e2e\\2-advanced-examples\\files.cy.js",
      "beforeHooks": [],
      "afterHooks": [],
      "tests": [],
      "suites": [
        {
          "uuid": "82897d42-f6e4-4051-97f8-363cc9ad1963",
          "title": "Files",
          "fullFile": "",
          "file": "",
          "beforeHooks": [],
          "afterHooks": [],
          "tests": [
            {
              "title": "cy.fixture() - load a fixture",
              "fullTitle": "Files cy.fixture() - load a fixture",
              "timedOut": null,
              "duration": 684,
              "state": "passed",
              "speed": "fast",
              "pass": true,
              "fail": false,
              "pending": false,
              "context": null,
              "code": "// https://on.cypress.io/fixture\n// Instead of writing a response inline you can\n// use a fixture file's content.\n// when application makes an Ajax request matching \"GET **/comments/*\"\n// Cypress will intercept it and reply with the object in `example.json` fixture\ncy.intercept('GET', '**/comments/*', {\n  fixture: 'example.json'\n}).as('getComment');\n// we have code that gets a comment when\n// the button is clicked in scripts.js\ncy.get('.fixture-btn').click();\ncy.wait('@getComment').its('response.body').should('have.property', 'name').and('include', 'Using fixtures to represent data');",
              "err": {},
              "uuid": "772108f0-6c5a-40aa-8347-9aae657cc9a4",
              "parentUUID": "82897d42-f6e4-4051-97f8-363cc9ad1963",
              "isHook": false,
              "skipped": false
            },
            {
              "title": "cy.fixture() or require - load a fixture",
              "fullTitle": "Files cy.fixture() or require - load a fixture",
              "timedOut": null,
              "duration": 197,
              "state": "passed",
              "speed": "fast",
              "pass": true,
              "fail": false,
              "pending": false,
              "context": null,
              "code": "// we are inside the \"function () { ... }\"\n// callback and can use test context object \"this\"\n// \"this.example\" was loaded in \"beforeEach\" function callback\nexpect(this.example, 'fixture in the test context').to.deep.equal(requiredExample);\n// or use \"cy.wrap\" and \"should('deep.equal', ...)\" assertion\ncy.wrap(this.example).should('deep.equal', requiredExample);",
              "err": {},
              "uuid": "939d908a-7fe5-476f-8a5c-06afef96dc90",
              "parentUUID": "82897d42-f6e4-4051-97f8-363cc9ad1963",
              "isHook": false,
              "skipped": false
            },
            {
              "title": "cy.readFile() - read file contents",
              "fullTitle": "Files cy.readFile() - read file contents",
              "timedOut": null,
              "duration": 209,
              "state": "passed",
              "speed": "fast",
              "pass": true,
              "fail": false,
              "pending": false,
              "context": null,
              "code": "// https://on.cypress.io/readfile\n// You can read a file and yield its contents\n// The filePath is relative to your project's root.\ncy.readFile(Cypress.config('configFile')).then(config => {\n  expect(config).to.be.an('string');\n});",
              "err": {},
              "uuid": "40ba57e6-06c3-4288-b0e5-85e4970c208d",
              "parentUUID": "82897d42-f6e4-4051-97f8-363cc9ad1963",
              "isHook": false,
              "skipped": false
            },
            {
              "title": "cy.writeFile() - write to a file",
              "fullTitle": "Files cy.writeFile() - write to a file",
              "timedOut": null,
              "duration": 449,
              "state": "passed",
              "speed": "fast",
              "pass": true,
              "fail": false,
              "pending": false,
              "context": null,
              "code": "// https://on.cypress.io/writefile\n// You can write to a file\n// Use a response from a request to automatically\n// generate a fixture file for use later\ncy.request('https://jsonplaceholder.cypress.io/users').then(response => {\n  cy.writeFile('cypress/fixtures/users.json', response.body);\n});\ncy.fixture('users').should(users => {\n  expect(users[0].name).to.exist;\n});\n// JavaScript arrays and objects are stringified\n// and formatted into text.\ncy.writeFile('cypress/fixtures/profile.json', {\n  id: 8739,\n  name: 'Jane',\n  email: 'jane@example.com'\n});\ncy.fixture('profile').should(profile => {\n  expect(profile.name).to.eq('Jane');\n});",
              "err": {},
              "uuid": "27e4aa81-d540-425a-8c15-b2905618143e",
              "parentUUID": "82897d42-f6e4-4051-97f8-363cc9ad1963",
              "isHook": false,
              "skipped": false
            }
          ],
          "suites": [],
          "passes": [
            "772108f0-6c5a-40aa-8347-9aae657cc9a4",
            "939d908a-7fe5-476f-8a5c-06afef96dc90",
            "40ba57e6-06c3-4288-b0e5-85e4970c208d",
            "27e4aa81-d540-425a-8c15-b2905618143e"
          ],
          "failures": [],
          "pending": [],
          "skipped": [],
          "duration": 1539,
          "root": false,
          "rootEmpty": false,
          "_timeout": 2000
        }
      ],
      "passes": [],
      "failures": [],
      "pending": [],
      "skipped": [],
      "duration": 0,
      "root": true,
      "rootEmpty": true,
      "_timeout": 2000
    },
    {
      "uuid": "9b3ea5ef-746b-46a5-b79c-15fdb2255a4e",
      "title": "",
      "fullFile": "cypress\\e2e\\2-advanced-examples\\location.cy.js",
      "file": "cypress\\e2e\\2-advanced-examples\\location.cy.js",
      "beforeHooks": [],
      "afterHooks": [],
      "tests": [],
      "suites": [
        {
          "uuid": "33671ff6-5f44-4ade-b388-0962fb249069",
          "title": "Location",
          "fullFile": "",
          "file": "",
          "beforeHooks": [],
          "afterHooks": [],
          "tests": [
            {
              "title": "cy.hash() - get the current URL hash",
              "fullTitle": "Location cy.hash() - get the current URL hash",
              "timedOut": null,
              "duration": 538,
              "state": "passed",
              "speed": "fast",
              "pass": true,
              "fail": false,
              "pending": false,
              "context": null,
              "code": "// https://on.cypress.io/hash\ncy.hash().should('be.empty');",
              "err": {},
              "uuid": "6f616a3b-98da-475f-844c-dafe3b29c842",
              "parentUUID": "33671ff6-5f44-4ade-b388-0962fb249069",
              "isHook": false,
              "skipped": false
            },
            {
              "title": "cy.location() - get window.location",
              "fullTitle": "Location cy.location() - get window.location",
              "timedOut": null,
              "duration": 236,
              "state": "passed",
              "speed": "fast",
              "pass": true,
              "fail": false,
              "pending": false,
              "context": null,
              "code": "// https://on.cypress.io/location\ncy.location().should(location => {\n  expect(location.hash).to.be.empty;\n  expect(location.href).to.eq('https://example.cypress.io/commands/location');\n  expect(location.host).to.eq('example.cypress.io');\n  expect(location.hostname).to.eq('example.cypress.io');\n  expect(location.origin).to.eq('https://example.cypress.io');\n  expect(location.pathname).to.eq('/commands/location');\n  expect(location.port).to.eq('');\n  expect(location.protocol).to.eq('https:');\n  expect(location.search).to.be.empty;\n});",
              "err": {},
              "uuid": "8613e242-d01c-4e83-b12d-9930646d975a",
              "parentUUID": "33671ff6-5f44-4ade-b388-0962fb249069",
              "isHook": false,
              "skipped": false
            },
            {
              "title": "cy.url() - get the current URL",
              "fullTitle": "Location cy.url() - get the current URL",
              "timedOut": null,
              "duration": 228,
              "state": "passed",
              "speed": "fast",
              "pass": true,
              "fail": false,
              "pending": false,
              "context": null,
              "code": "// https://on.cypress.io/url\ncy.url().should('eq', 'https://example.cypress.io/commands/location');",
              "err": {},
              "uuid": "96d33ac0-7f65-4c99-b367-39f6fbc84b27",
              "parentUUID": "33671ff6-5f44-4ade-b388-0962fb249069",
              "isHook": false,
              "skipped": false
            }
          ],
          "suites": [],
          "passes": [
            "6f616a3b-98da-475f-844c-dafe3b29c842",
            "8613e242-d01c-4e83-b12d-9930646d975a",
            "96d33ac0-7f65-4c99-b367-39f6fbc84b27"
          ],
          "failures": [],
          "pending": [],
          "skipped": [],
          "duration": 1002,
          "root": false,
          "rootEmpty": false,
[...]
      "afterHooks": [],
      "tests": [],
      "suites": [
        {
          "uuid": "11fa48c6-0de9-4ef0-93d3-bee03af52476",
          "title": "Viewport",
          "fullFile": "",
          "file": "",
          "beforeHooks": [],
          "afterHooks": [],
          "tests": [
            {
              "title": "cy.viewport() - set the viewport size and dimension",
              "fullTitle": "Viewport cy.viewport() - set the viewport size and dimension",
              "timedOut": null,
              "duration": 3409,
              "state": "passed",
              "speed": "fast",
              "pass": true,
              "fail": false,
              "pending": false,
              "context": null,
              "code": "// https://on.cypress.io/viewport\ncy.get('#navbar').should('be.visible');\ncy.viewport(320, 480);\n// the navbar should have collapse since our screen is smaller\ncy.get('#navbar').should('not.be.visible');\ncy.get('.navbar-toggle').should('be.visible').click();\ncy.get('.nav').find('a').should('be.visible');\n// lets see what our app looks like on a super large screen\ncy.viewport(2999, 2999);\n// cy.viewport() accepts a set of preset sizes\n// to easily set the screen to a device's width and height\n// We added a cy.wait() between each viewport change so you can see\n// the change otherwise it is a little too fast to see :)\ncy.viewport('macbook-15');\ncy.wait(200);\ncy.viewport('macbook-13');\ncy.wait(200);\ncy.viewport('macbook-11');\ncy.wait(200);\ncy.viewport('ipad-2');\ncy.wait(200);\ncy.viewport('ipad-mini');\ncy.wait(200);\ncy.viewport('iphone-6+');\ncy.wait(200);\ncy.viewport('iphone-6');\ncy.wait(200);\ncy.viewport('iphone-5');\ncy.wait(200);\ncy.viewport('iphone-4');\ncy.wait(200);\ncy.viewport('iphone-3');\ncy.wait(200);\n// cy.viewport() accepts an orientation for all presets\n// the default orientation is 'portrait'\ncy.viewport('ipad-2', 'portrait');\ncy.wait(200);\ncy.viewport('iphone-4', 'landscape');\ncy.wait(200);\n// The viewport will be reset back to the default dimensions\n// in between tests (the  default can be set in cypress.config.{js|ts})",
              "err": {},
              "uuid": "e2f3e55b-82f5-43a1-9b02-6c2a2702f79c",
              "parentUUID": "11fa48c6-0de9-4ef0-93d3-bee03af52476",
              "isHook": false,
              "skipped": false
            }
          ],
          "suites": [],
          "passes": [
            "e2f3e55b-82f5-43a1-9b02-6c2a2702f79c"
          ],
          "failures": [],
          "pending": [],
          "skipped": [],
          "duration": 3409,
          "root": false,
          "rootEmpty": false,
          "_timeout": 2000
        }
      ],
      "passes": [],
      "failures": [],
      "pending": [],
      "skipped": [],
      "duration": 0,
      "root": true,
      "rootEmpty": true,
      "_timeout": 2000
    },
    {
      "uuid": "312a46b8-0ec7-4a25-8a33-41275d43590b",
      "title": "",
      "fullFile": "cypress\\e2e\\2-advanced-examples\\waiting.cy.js",
      "file": "cypress\\e2e\\2-advanced-examples\\waiting.cy.js",
      "beforeHooks": [],
      "afterHooks": [],
      "tests": [],
      "suites": [
        {
          "uuid": "50aeb784-176b-4e1a-9640-590155657a93",
          "title": "Waiting",
          "fullFile": "",
          "file": "",
          "beforeHooks": [],
          "afterHooks": [],
          "tests": [
            {
              "title": "cy.wait() - wait for a specific amount of time",
              "fullTitle": "Waiting cy.wait() - wait for a specific amount of time",
              "timedOut": null,
              "duration": 5165,
              "state": "passed",
              "speed": "medium",
              "pass": true,
              "fail": false,
              "pending": false,
              "context": null,
              "code": "cy.get('.wait-input1').type('Wait 1000ms after typing');\ncy.wait(1000);\ncy.get('.wait-input2').type('Wait 1000ms after typing');\ncy.wait(1000);\ncy.get('.wait-input3').type('Wait 1000ms after typing');\ncy.wait(1000);",
              "err": {},
              "uuid": "899bf0ec-989b-4488-b1d4-133471d112fe",
              "parentUUID": "50aeb784-176b-4e1a-9640-590155657a93",
              "isHook": false,
              "skipped": false
            },
            {
              "title": "cy.wait() - wait for a specific route",
              "fullTitle": "Waiting cy.wait() - wait for a specific route",
              "timedOut": null,
              "duration": 901,
              "state": "passed",
              "speed": "fast",
              "pass": true,
              "fail": false,
              "pending": false,
              "context": null,
              "code": "// Listen to GET to comments/1\ncy.intercept('GET', '**/comments/*').as('getComment');\n// we have code that gets a comment when\n// the button is clicked in scripts.js\ncy.get('.network-btn').click();\n// wait for GET comments/1\ncy.wait('@getComment').its('response.statusCode').should('be.oneOf', [200, 304]);",
              "err": {},
              "uuid": "5621ef0b-5a03-4cb0-8abd-1e82cc2b3f1e",
              "parentUUID": "50aeb784-176b-4e1a-9640-590155657a93",
              "isHook": false,
              "skipped": false
            }
          ],
          "suites": [],
          "passes": [
            "899bf0ec-989b-4488-b1d4-133471d112fe",
            "5621ef0b-5a03-4cb0-8abd-1e82cc2b3f1e"
          ],
          "failures": [],
          "pending": [],
          "skipped": [],
          "duration": 6066,
          "root": false,
          "rootEmpty": false,
          "_timeout": 2000
        }
      ],
      "passes": [],
      "failures": [],
      "pending": [],
      "skipped": [],
      "duration": 0,
      "root": true,
      "rootEmpty": true,
      "_timeout": 2000
    },
    {
      "uuid": "2bbfa00b-968f-48c7-b606-a9cad8ace628",
      "title": "",
      "fullFile": "cypress\\e2e\\2-advanced-examples\\window.cy.js",
      "file": "cypress\\e2e\\2-advanced-examples\\window.cy.js",
      "beforeHooks": [],
      "afterHooks": [],
      "tests": [],
      "suites": [
        {
          "uuid": "945c7da0-e1a2-48bc-853f-54a9a888fb9a",
          "title": "Window",
          "fullFile": "",
          "file": "",
          "beforeHooks": [],
          "afterHooks": [],
          "tests": [
            {
              "title": "cy.window() - get the global window object",
              "fullTitle": "Window cy.window() - get the global window object",
              "timedOut": null,
              "duration": 552,
              "state": "passed",
              "speed": "fast",
              "pass": true,
              "fail": false,
              "pending": false,
              "context": null,
              "code": "// https://on.cypress.io/window\ncy.window().should('have.property', 'top');",
              "err": {},
              "uuid": "f79dbbad-44ca-4c5d-b914-3cca055f4c9c",
              "parentUUID": "945c7da0-e1a2-48bc-853f-54a9a888fb9a",
              "isHook": false,
              "skipped": false
            },
            {
              "title": "cy.document() - get the document object",
              "fullTitle": "Window cy.document() - get the document object",
              "timedOut": null,
              "duration": 252,
              "state": "passed",
              "speed": "fast",
              "pass": true,
              "fail": false,
              "pending": false,
              "context": null,
              "code": "// https://on.cypress.io/document\ncy.document().should('have.property', 'charset').and('eq', 'UTF-8');",
              "err": {},
              "uuid": "e11c93d2-8096-4437-821b-bb1980776311",
              "parentUUID": "945c7da0-e1a2-48bc-853f-54a9a888fb9a",
              "isHook": false,
              "skipped": false
            },
            {
              "title": "cy.title() - get the title",
              "fullTitle": "Window cy.title() - get the title",
              "timedOut": null,
              "duration": 238,
              "state": "passed",
              "speed": "fast",
              "pass": true,
              "fail": false,
              "pending": false,
              "context": null,
              "code": "// https://on.cypress.io/title\ncy.title().should('include', 'Kitchen Sink');",
              "err": {},
              "uuid": "75f8ff7f-1be2-4d2e-917f-bf3ea54e7ef7",
              "parentUUID": "945c7da0-e1a2-48bc-853f-54a9a888fb9a",
              "isHook": false,
              "skipped": false
            }
          ],
          "suites": [],
          "passes": [
            "f79dbbad-44ca-4c5d-b914-3cca055f4c9c",
            "e11c93d2-8096-4437-821b-bb1980776311",
            "75f8ff7f-1be2-4d2e-917f-bf3ea54e7ef7"
          ],
          "failures": [],
          "pending": [],
          "skipped": [],
          "duration": 1042,
          "root": false,
          "rootEmpty": false,
          "_timeout": 2000
        }
      ],
      "passes": [],
      "failures": [],
      "pending": [],
      "skipped": [],
      "duration": 0,
      "root": true,
      "rootEmpty": true,
      "_timeout": 2000
    },
    {
      "uuid": "17dbfc91-1f96-45ad-b470-0e6e36efdc26",
      "title": "",
      "fullFile": "cypress\\e2e\\1-getting-started\\todo.cy.js",
      "file": "cypress\\e2e\\1-getting-started\\todo.cy.js",
      "beforeHooks": [],
      "afterHooks": [],
      "tests": [],
      "suites": [
        {
          "uuid": "c71ec929-768c-475a-8b8c-77775259829c",
          "title": "example to-do app",
          "fullFile": "",
          "file": "",
          "beforeHooks": [],
          "afterHooks": [],
          "tests": [
            {
              "title": "displays two todo items by default",
              "fullTitle": "example to-do app displays two todo items by default",
              "timedOut": null,
              "duration": 900,
              "state": "passed",
              "speed": "fast",
              "pass": true,
              "fail": false,
              "pending": false,
              "context": null,
              "code": "// We use the `cy.get()` command to get all elements that match the selector.\n// Then, we use `should` to assert that there are two matched items,\n// which are the two default items.\ncy.get('.todo-list li').should('have.length', 2);\n// We can go even further and check that the default todos each contain\n// the correct text. We use the `first` and `last` functions\n// to get just the first and last matched elements individually,\n// and then perform an assertion with `should`.\ncy.get('.todo-list li').first().should('have.text', 'Pay electric bill');\ncy.get('.todo-list li').last().should('have.text', 'Walk the dog');",
              "err": {},
              "uuid": "d77155f8-0761-4d7e-8746-1f03d25da514",
              "parentUUID": "c71ec929-768c-475a-8b8c-77775259829c",
              "isHook": false,
              "skipped": false
            },
            {
              "title": "can add new todo items",
              "fullTitle": "example to-do app can add new todo items",
              "timedOut": null,
              "duration": 585,
              "state": "passed",
              "speed": "fast",
              "pass": true,
              "fail": false,
              "pending": false,
              "context": null,
              "code": "// We'll store our item text in a variable so we can reuse it\nconst newItem = 'Feed the cat';\n// Let's get the input element and use the `type` command to\n// input our new list item. After typing the content of our item,\n// we need to type the enter key as well in order to submit the input.\n// This input has a data-test attribute so we'll use that to select the\n// element in accordance with best practices:\n// https://on.cypress.io/selecting-elements\ncy.get('[data-test=new-todo]').type(`${newItem}{enter}`);\n// Now that we've typed our new item, let's check that it actually was added to the list.\n// Since it's the newest item, it should exist as the last element in the list.\n// In addition, with the two default items, we should have a total of 3 elements in the list.\n// Since assertions yield the element that was asserted on,\n// we can chain both of these assertions together into a single statement.\ncy.get('.todo-list li').should('have.length', 3).last().should('have.text', newItem);",
              "err": {},
              "uuid": "b0ba33a5-2e71-4617-b2e2-cff8bfec9471",
              "parentUUID": "c71ec929-768c-475a-8b8c-77775259829c",
              "isHook": false,
              "skipped": false
            },
            {
              "title": "can check off an item as completed",
              "fullTitle": "example to-do app can check off an item as completed",
              "timedOut": null,
              "duration": 355,
              "state": "passed",
              "speed": "fast",
              "pass": true,
              "fail": false,
              "pending": false,
              "context": null,
              "code": "// In addition to using the `get` command to get an element by selector,\n// we can also use the `contains` command to get an element by its contents.\n// However, this will yield the <label>, which is lowest-level element that contains the text.\n// In order to check the item, we'll find the <input> element for this <label>\n// by traversing up the dom to the parent element. From there, we can `find`\n// the child checkbox <input> element and use the `check` command to check it.\ncy.contains('Pay electric bill').parent().find('input[type=checkbox]').check();\n// Now that we've checked the button, we can go ahead and make sure\n// that the list element is now marked as completed.\n// Again we'll use `contains` to find the <label> element and then use the `parents` command\n// to traverse multiple levels up the dom until we find the corresponding <li> element.\n// Once we get that element, we can assert that it has the completed class.\ncy.contains('Pay electric bill').parents('li').should('have.class', 'completed');",
              "err": {},
              "uuid": "20b127a0-cf68-436e-aa9b-c4e95e1b7e1e",
              "parentUUID": "c71ec929-768c-475a-8b8c-77775259829c",
              "isHook": false,
              "skipped": false
            }
          ],
          "suites": [
            {
              "uuid": "1306f2df-4612-41bf-a6cd-230796db41eb",
              "title": "with a checked task",
              "fullFile": "",
              "file": "",
              "beforeHooks": [],
              "afterHooks": [],
              "tests": [
                {
                  "title": "can filter for uncompleted tasks",
                  "fullTitle": "example to-do app with a checked task can filter for uncompleted tasks",
                  "timedOut": null,
                  "duration": 438,
                  "state": "passed",
                  "speed": "fast",
                  "pass": true,
                  "fail": false,
                  "pending": false,
                  "context": null,
                  "code": "// We'll click on the \"active\" button in order to\n// display only incomplete items\ncy.contains('Active').click();\n// After filtering, we can assert that there is only the one\n// incomplete item in the list.\ncy.get('.todo-list li').should('have.length', 1).first().should('have.text', 'Walk the dog');\n// For good measure, let's also assert that the task we checked off\n// does not exist on the page.\ncy.contains('Pay electric bill').should('not.exist');",
                  "err": {},
                  "uuid": "087afd74-b589-4f7a-bc8d-a045d64e0ca3",
                  "parentUUID": "1306f2df-4612-41bf-a6cd-230796db41eb",
                  "isHook": false,
                  "skipped": false
                },
                {
                  "title": "can filter for completed tasks",
                  "fullTitle": "example to-do app with a checked task can filter for completed tasks",
                  "timedOut": null,
                  "duration": 447,
                  "state": "passed",
                  "speed": "fast",
                  "pass": true,
                  "fail": false,
                  "pending": false,
                  "context": null,
                  "code": "// We can perform similar steps as the test above to ensure\n// that only completed tasks are shown\ncy.contains('Completed').click();\ncy.get('.todo-list li').should('have.length', 1).first().should('have.text', 'Pay electric bill');\ncy.contains('Walk the dog').should('not.exist');",
                  "err": {},
                  "uuid": "2c6f8927-134d-4c37-8501-d159ee2cfe68",
                  "parentUUID": "1306f2df-4612-41bf-a6cd-230796db41eb",
                  "isHook": false,
                  "skipped": false
                },
                {
                  "title": "can delete all completed tasks",
                  "fullTitle": "example to-do app with a checked task can delete all completed tasks",
                  "timedOut": null,
                  "duration": 457,
                  "state": "passed",
                  "speed": "fast",
                  "pass": true,
                  "fail": false,
                  "pending": false,
                  "context": null,
                  "code": "// First, let's click the \"Clear completed\" button\n// `contains` is actually serving two purposes here.\n// First, it's ensuring that the button exists within the dom.\n// This button only appears when at least one task is checked\n// so this command is implicitly verifying that it does exist.\n// Second, it selects the button so we can click it.\ncy.contains('Clear completed').click();\n// Then we can make sure that there is only one element\n// in the list and our element does not exist\ncy.get('.todo-list li').should('have.length', 1).should('not.have.text', 'Pay electric bill');\n// Finally, make sure that the clear button no longer exists.\ncy.contains('Clear completed').should('not.exist');",
                  "err": {},
                  "uuid": "4bd42eab-ecfa-4d52-b404-a34355e91180",
                  "parentUUID": "1306f2df-4612-41bf-a6cd-230796db41eb",
                  "isHook": false,
                  "skipped": false
                }
              ],
              "suites": [],
              "passes": [
                "087afd74-b589-4f7a-bc8d-a045d64e0ca3",
                "2c6f8927-134d-4c37-8501-d159ee2cfe68",
                "4bd42eab-ecfa-4d52-b404-a34355e91180"
              ],
              "failures": [],
              "pending": [],
              "skipped": [],
              "duration": 1342,
              "root": false,
              "rootEmpty": false,
              "_timeout": 2000
            }
          ],
          "passes": [
            "d77155f8-0761-4d7e-8746-1f03d25da514",
            "b0ba33a5-2e71-4617-b2e2-cff8bfec9471",
            "20b127a0-cf68-436e-aa9b-c4e95e1b7e1e"
          ],
          "failures": [],
          "pending": [],
          "skipped": [],
          "duration": 1840,
          "root": false,
          "rootEmpty": false,
          "_timeout": 2000
        }
      ],
      "passes": [],
      "failures": [],
      "pending": [],
      "skipped": [],
      "duration": 0,
      "root": true,
      "rootEmpty": true,
      "_timeout": 2000
    }
  ],
  "meta": {
    "mocha": {
      "version": "7.0.1"
    },
    "mochawesome": {
      "options": {
        "quiet": false,
        "reportFilename": "mochawesome",
        "saveHtml": true,
        "saveJson": true,
        "consoleReporter": "spec",
        "useInlineDiffs": false,
        "code": true
      },
      "version": "7.1.3"
    },
    "marge": {
      "options": {
        "id": "default",
        "reportDir": "cypress/results/mochawesome",
        "overwrite": false,
        "html": true,
        "json": true
      },
      "version": "6.2.0"
    }
  }
}